App 1883957 output: {"level":30,"time":"2026-01-07T21:06:35.720Z","pid":1883957,"hostname":"ls50.server.ly","class":"baileys","browser":["Ubuntu","Chrome","22.04.4"],"helloMsg":{"clientHello":{"ephemeral":"sal8qLnfGE1iOHe+knmkVvqww/clysIRoZzRPD9AWFI="}},"msg":"connected to WA"}
App 1883957 output: {"level":30,"time":"2026-01-07T21:06:35.921Z","pid":1883957,"hostname":"ls50.server.ly","class":"baileys","node":{"passive":false,"userAgent":{"platform":"WEB","appVersion":{"primary":2,"secondary":3000,"tertiary":1027934701},"mcc":"000","mnc":"000","osVersion":"0.1","device":"Desktop","osBuildNumber":"0.1","releaseChannel":"RELEASE","localeLanguageIso6391":"en","localeCountryIso31661Alpha2":"US"},"webInfo":{"webSubPlatform":"WEB_BROWSER"},"connectType":"WIFI_UNKNOWN","connectReason":"USER_ACTIVATED","devicePairingData":{"eRegid":"AAAAuA==","eKeytype":"BQ==","eIdent":"rTV95y3Rc61UM8aJItFB5uxlnEPB6AhEEe0dmaRcGDc=","eSkeyId":"AAAB","eSkeyVal":"jORTe3bYfNHzCNDAAY6rweL9Q74kJqkHVmXMZsdHs3E=","eSkeySig":"DOKgpEwvq9/M1ZBWaQ4LAIqFRU6BlleawKo9stGMExn4OlosaZU6EQARy7ybuEg/99KfrrSP2unM7SQFBZohig==","buildHash":"VLsNToSifLU6uyYzJzwXCA==","deviceProps":"CgZVYnVudHUYASAA"},"pull":false},"msg":"not logged in, attempting registration..."}
App 1883957 output: {"level":30,"time":"2026-01-07T21:09:16.381Z","pid":1883957,"hostname":"ls50.server.ly","class":"baileys","trace":"Error: QR refs attempts ended\n    at Timeout.genPairQR [as _onTimeout] (/home/ajneccom/nodevenv/send.ajnec.com/18/lib/node_modules/@whiskeysockets/baileys/lib/Socket/socket.js:480:21)\n    at listOnTimeout (node:internal/timers:569:17)\n    at process.processTimers (node:internal/timers:512:7)","msg":"connection errored"}
App 1084897 output: API listening on :3000 (pid=1084897, primary=true)
App 324049 output: API listening on :3000 (pid=324049, primary=true)
App 2772986 output: API listening on :3000 (pid=2772986, primary=true)
App 1708035 output: API listening on :3000 (pid=1708035, primary=true)
App 3083828 output: API listening on :3000 (pid=3083828, primary=true)
App 2434980 output: API listening on :3000 (pid=2434980, primary=true)
App 1208261 output: API listening on :3000 (pid=1208261, primary=true)
App 1783974 output: API listening on :3000 (pid=1783974, primary=true)
App 3061661 output: API listening on :3000 (pid=3061661, primary=true)
 App 2798414 output: API listening on :3000 (pid=2798414, primary=true)
App 2798414 output: {"level":30,"time":"2026-01-10T10:46:11.321Z","pid":2798414,"hostname":"ls50.server.ly","class":"baileys","browser":["Ubuntu","Chrome","22.04.4"],"helloMsg":{"clientHello":{"ephemeral":"bkj+dZhajcSUObZoAjdVEd9DxnYfVH62oLLMvKab7S8="}},"msg":"connected to WA"}
App 2798414 output: {"level":30,"time":"2026-01-10T10:46:11.581Z","pid":2798414,"hostname":"ls50.server.ly","class":"baileys","node":{"passive":false,"userAgent":{"platform":"WEB","appVersion":{"primary":2,"secondary":3000,"tertiary":1027934701},"mcc":"000","mnc":"000","osVersion":"0.1","device":"Desktop","osBuildNumber":"0.1","releaseChannel":"RELEASE","localeLanguageIso6391":"en","localeCountryIso31661Alpha2":"US"},"webInfo":{"webSubPlatform":"WEB_BROWSER"},"connectType":"WIFI_UNKNOWN","connectReason":"USER_ACTIVATED","devicePairingData":{"eRegid":"AAAAwQ==","eKeytype":"BQ==","eIdent":"hAGwmGMfh0YJDzhb3KFgY1DdHyasjdgKPpS9J0532WM=","eSkeyId":"AAAB","eSkeyVal":"JEP6kyjOPpYgP2Qe/1STuXMSrVag51q8PhDC1yc3oSs=","eSkeySig":"864+8nWlgePaBRKBd75ngyEvpGnVpGO6+IJlRLh7/teiEXJhqiSP66A9K8S4Z44SJT9yYMaIdTAIu1O8WgzPBQ==","buildHash":"VLsNToSifLU6uyYzJzwXCA==","deviceProps":"CgZVYnVudHUYASAA"},"pull":false},"msg":"not logged in, attempting registration..."}
App 2798414 output: {"level":30,"time":"2026-01-10T10:46:45.098Z","pid":2798414,"hostname":"ls50.server.ly","class":"baileys","browser":["Ubuntu","Chrome","22.04.4"],"helloMsg":{"clientHello":{"ephemeral":"RIFBNHMcAEUOu+/9H5hnS8tbC1ijVwZPqH8ZeVpwlwQ="}},"msg":"connected to WA"}
App 2798414 output: {"level":30,"time":"2026-01-10T10:46:45.338Z","pid":2798414,"hostname":"ls50.server.ly","class":"baileys","node":{"passive":false,"userAgent":{"platform":"WEB","appVersion":{"primary":2,"secondary":3000,"tertiary":1027934701},"mcc":"000","mnc":"000","osVersion":"0.1","device":"Desktop","osBuildNumber":"0.1","releaseChannel":"RELEASE","localeLanguageIso6391":"en","localeCountryIso31661Alpha2":"US"},"webInfo":{"webSubPlatform":"WEB_BROWSER"},"connectType":"WIFI_UNKNOWN","connectReason":"USER_ACTIVATED","devicePairingData":{"eRegid":"AAAAQQ==","eKeytype":"BQ==","eIdent":"Zs6ejnK8pkpYD+T9YOW9zs1rurvt5GwNop+pwRHB/X8=","eSkeyId":"AAAB","eSkeyVal":"baSmqeiikfVbF21js0EuDjE/QgqRjgey4nYzhYn77mo=","eSkeySig":"nznq7gkN9Pc7OT5JkZNv3wxTH61SgjD34IOXD2ixqnc6jETjJ/8uKw3AjAgaBOi/p7kqYbL4i2QTHcdg4GqtAA==","buildHash":"VLsNToSifLU6uyYzJzwXCA==","deviceProps":"CgZVYnVudHUYASAA"},"pull":false},"msg":"not logged in, attempting registration..."}
App 2798414 output: {"level":30,"time":"2026-01-10T10:46:59.980Z","pid":2798414,"hostname":"ls50.server.ly","class":"baileys","me":{"id":"972512865116:32@s.whatsapp.net","name":"esim"},"platform":"smba","msg":"pairing configured successfully, expect to restart the connection..."}
App 2798414 output: {"level":50,"time":"2026-01-10T10:47:00.629Z","pid":2798414,"hostname":"ls50.server.ly","class":"baileys","node":{"tag":"stream:error","attrs":{"code":"515"}},"msg":"stream errored out"}
App 2798414 output: {"level":30,"time":"2026-01-10T10:47:00.630Z","pid":2798414,"hostname":"ls50.server.ly","class":"baileys","trace":"Error: Stream Errored (restart required)\n    at WebSocketClient.<anonymous> (/home/ajneccom/nodevenv/send.ajnec.com/18/lib/node_modules/@whiskeysockets/baileys/lib/Socket/socket.js:519:13)\n    at WebSocketClient.emit (node:events:517:28)\n    at /home/ajneccom/nodevenv/send.ajnec.com/18/lib/node_modules/@whiskeysockets/baileys/lib/Socket/socket.js:236:35\n    at Object.decodeFrame (/home/ajneccom/nodevenv/send.ajnec.com/18/lib/node_modules/@whiskeysockets/baileys/lib/Utils/noise-handler.js:144:17)\n    at process.processTicksAndRejections (node:internal/process/task_queues:95:5)","msg":"connection errored"}
App 2798414 output: {"level":30,"time":"2026-01-10T10:47:14.286Z","pid":2798414,"hostname":"ls50.server.ly","class":"baileys","browser":["Ubuntu","Chrome","22.04.4"],"helloMsg":{"clientHello":{"ephemeral":"rUY/6p/Ktki6Xc3c0PvmxapNBdA8+bZe6sEAI1X7DBQ="}},"msg":"connected to WA"}
App 2798414 output: {"level":30,"time":"2026-01-10T10:47:14.397Z","pid":2798414,"hostname":"ls50.server.ly","class":"baileys","node":{"username":"972512865116","passive":false,"userAgent":{"platform":"WEB","appVersion":{"primary":2,"secondary":3000,"tertiary":1027934701},"mcc":"000","mnc":"000","osVersion":"0.1","device":"Desktop","osBuildNumber":"0.1","releaseChannel":"RELEASE","localeLanguageIso6391":"en","localeCountryIso31661Alpha2":"US"},"webInfo":{"webSubPlatform":"WEB_BROWSER"},"connectType":"WIFI_UNKNOWN","connectReason":"USER_ACTIVATED","device":32,"pull":true},"msg":"logging in..."}
App 2798414 output: {"level":30,"time":"2026-01-10T10:47:15.556Z","pid":2798414,"hostname":"ls50.server.ly","class":"baileys","msg":"handled 0 offline messages/notifications"}
App 2798414 output: {"level":30,"time":"2026-01-10T10:47:15.564Z","pid":2798414,"hostname":"ls50.server.ly","class":"baileys","msg":"0 pre-keys found on server"}
App 2798414 output: {"level":30,"time":"2026-01-10T10:47:15.564Z","pid":2798414,"hostname":"ls50.server.ly","class":"baileys","count":30,"msg":"uploading pre-keys"}
App 2798414 output: {"level":30,"time":"2026-01-10T10:47:15.969Z","pid":2798414,"hostname":"ls50.server.ly","class":"baileys","count":30,"msg":"uploading pre-keys"}
App 2798414 output: {"level":30,"time":"2026-01-10T10:47:16.153Z","pid":2798414,"hostname":"ls50.server.ly","class":"baileys","count":30,"msg":"uploaded pre-keys"}
App 2798414 output: {"level":30,"time":"2026-01-10T10:47:16.259Z","pid":2798414,"hostname":"ls50.server.ly","class":"baileys","msg":"opened connection to WA"}
App 2798414 output: {"level":30,"time":"2026-01-10T10:47:16.613Z","pid":2798414,"hostname":"ls50.server.ly","class":"baileys","count":30,"msg":"uploaded pre-keys"}
App 2798414 output: {"level":30,"time":"2026-01-10T10:47:16.704Z","pid":2798414,"hostname":"ls50.server.ly","class":"baileys","newAppStateSyncKeyId":"AAAAAOSH","newKeys":["AAAAAOSF","AAAAAOSG","AAAAAOSH"],"msg":"injecting new app state sync keys"}
App 2798414 output: {"level":30,"time":"2026-01-10T10:47:16.905Z","pid":2798414,"hostname":"ls50.server.ly","class":"baileys","msg":"doing initial app state sync"}
App 2798414 output: {"level":30,"time":"2026-01-10T10:47:16.906Z","pid":2798414,"hostname":"ls50.server.ly","class":"baileys","histNotification":{"fileSha256":"NxNmy97OHVTpvjaj19/Vo++VySfHtgIDK0kiyd3fjo8=","fileLength":"10","mediaKey":"Fa45CAOKRMNm7lFs86/omGVn/EH6ZrYScFjMV3/oFIc=","fileEncSha256":"9nmRPJGjZeChm7+GVpFJE/591MJFCfveRzRtD1aqSG4=","directPath":"/v/t62.31111-24/614881167_1221039500129498_2707457963233675228_n.enc?ccb=11-4&oh=01_Q5Aa3gHmhbdhBCCan6FmsbqKlPTJ51uFnljLUsakwmZjQJGHkg&oe=6989B33D&_nc_sid=5e03e0","syncType":"NON_BLOCKING_DATA"},"process":false,"id":"A5EDA8E5198A68EA0F852C5B9546F969","isLatest":true,"msg":"got history notification"}
App 2798414 output: {"level":30,"time":"2026-01-10T10:47:16.907Z","pid":2798414,"hostname":"ls50.server.ly","class":"baileys","msg":"resyncing critical_block from v0"}
App 2798414 output: {"level":30,"time":"2026-01-10T10:47:16.907Z","pid":2798414,"hostname":"ls50.server.ly","class":"baileys","msg":"resyncing critical_unblock_low from v0"}
App 2798414 output: {"level":30,"time":"2026-01-10T10:47:16.907Z","pid":2798414,"hostname":"ls50.server.ly","class":"baileys","msg":"resyncing regular_high from v0"}
App 2798414 output: {"level":30,"time":"2026-01-10T10:47:16.908Z","pid":2798414,"hostname":"ls50.server.ly","class":"baileys","msg":"resyncing regular_low from v0"}
App 2798414 output: {"level":30,"time":"2026-01-10T10:47:16.908Z","pid":2798414,"hostname":"ls50.server.ly","class":"baileys","msg":"resyncing regular from v0"}
App 2798414 output: {"level":30,"time":"2026-01-10T10:47:17.999Z","pid":2798414,"hostname":"ls50.server.ly","class":"baileys","msg":"restored state of regular_low from snapshot to v3 with mutations"}
App 2798414 output: {"level":30,"time":"2026-01-10T10:47:18.018Z","pid":2798414,"hostname":"ls50.server.ly","class":"baileys","msg":"restored state of regular from snapshot to v2 with mutations"}
App 2798414 output: {"level":30,"time":"2026-01-10T10:47:18.183Z","pid":2798414,"hostname":"ls50.server.ly","class":"baileys","msg":"restored state of critical_unblock_low from snapshot to v2 with mutations"}
App 2798414 output: {"level":30,"time":"2026-01-10T10:47:18.185Z","pid":2798414,"hostname":"ls50.server.ly","class":"baileys","msg":"restored state of regular_high from snapshot to v1 with mutations"}
App 2798414 output: {"level":30,"time":"2026-01-10T10:47:18.188Z","pid":2798414,"hostname":"ls50.server.ly","class":"baileys","msg":"restored state of critical_block from snapshot to v1 with mutations"}
App 2798414 output: {"level":30,"time":"2026-01-10T10:47:18.196Z","pid":2798414,"hostname":"ls50.server.ly","class":"baileys","msg":"archive setting updated => 'false'"}
App 2798414 output: {"level":30,"time":"2026-01-10T10:47:18.205Z","pid":2798414,"hostname":"ls50.server.ly","class":"baileys","histNotification":{"fileSha256":"KDjEPdpuAemy75J7Zf8A/OEIaTHzwpYSczEydkCWV8s=","fileLength":"278","mediaKey":"nwXmbfaCEpNOVDLERyS81kTNAcxj3jm09muiNzO6yis=","fileEncSha256":"tB2dymXegC7dVlN6K3iDuFcsKLnaYSWiBDxG2QL1NEQ=","directPath":"/v/t62.31111-24/614441092_958827080006798_1921455510863162551_n.enc?ccb=11-4&oh=01_Q5Aa3gHF5LFEuMw_2RAvygDVz8nAyAyJmKJcJ3SHgnl6eSis-w&oe=69899033&_nc_sid=5e03e0","syncType":"PUSH_NAME","chunkOrder":1},"process":true,"id":"A53768D711C09FB715FB89F5922AA3A1","isLatest":true,"msg":"got history notification"}
App 2798414 output: {"level":50,"time":"2026-01-10T10:48:16.636Z","pid":2798414,"hostname":"ls50.server.ly","class":"baileys","node":{"tag":"stream:error","attrs":{"code":"401"},"content":[{"tag":"conflict","attrs":{"type":"device_removed"}}]},"msg":"stream errored out"}
App 2798414 output: {"level":30,"time":"2026-01-10T10:48:16.636Z","pid":2798414,"hostname":"ls50.server.ly","class":"baileys","trace":"Error: Stream Errored (conflict)\n    at WebSocketClient.<anonymous> (/home/ajneccom/nodevenv/send.ajnec.com/18/lib/node_modules/@whiskeysockets/baileys/lib/Socket/socket.js:519:13)\n    at WebSocketClient.emit (node:events:517:28)\n    at /home/ajneccom/nodevenv/send.ajnec.com/18/lib/node_modules/@whiskeysockets/baileys/lib/Socket/socket.js:236:35\n    at Object.decodeFrame (/home/ajneccom/nodevenv/send.ajnec.com/18/lib/node_modules/@whiskeysockets/baileys/lib/Utils/noise-handler.js:144:17)\n    at process.processTicksAndRejections (node:internal/process/task_queues:95:5)","msg":"connection errored"}
App 2798414 output: {"level":30,"time":"2026-01-10T10:48:52.165Z","pid":2798414,"hostname":"ls50.server.ly","class":"baileys","trace":"Error: QR refs attempts ended\n    at Timeout.genPairQR [as _onTimeout] (/home/ajneccom/nodevenv/send.ajnec.com/18/lib/node_modules/@whiskeysockets/baileys/lib/Socket/socket.js:480:21)\n    at listOnTimeout (node:internal/timers:569:17)\n    at process.processTimers (node:internal/timers:512:7)","msg":"connection errored"}
App 2798414 output: {"level":30,"time":"2026-01-10T10:49:30.661Z","pid":2798414,"hostname":"ls50.server.ly","class":"baileys","browser":["Ubuntu","Chrome","22.04.4"],"helloMsg":{"clientHello":{"ephemeral":"3zoMvKsdXkzZQnbklXaIYShJ8MferJG7bF0zg57cgWI="}},"msg":"connected to WA"}
App 2798414 output: {"level":30,"time":"2026-01-10T10:49:30.885Z","pid":2798414,"hostname":"ls50.server.ly","class":"baileys","node":{"passive":false,"userAgent":{"platform":"WEB","appVersion":{"primary":2,"secondary":3000,"tertiary":1027934701},"mcc":"000","mnc":"000","osVersion":"0.1","device":"Desktop","osBuildNumber":"0.1","releaseChannel":"RELEASE","localeLanguageIso6391":"en","localeCountryIso31661Alpha2":"US"},"webInfo":{"webSubPlatform":"WEB_BROWSER"},"connectType":"WIFI_UNKNOWN","connectReason":"USER_ACTIVATED","devicePairingData":{"eRegid":"AAAADQ==","eKeytype":"BQ==","eIdent":"rRCaW96AamwAx38grihkoEoOekbbR9KnQReo4I6hlHo=","eSkeyId":"AAAB","eSkeyVal":"tVev4+96iJDRQTPZzUn4La+bv86vY0JfMu0EthWQKSg=","eSkeySig":"qDPke6MKfpeLXxe5S+EgMTMRX+yhxsALu9UMQE2Sq4bfukWXnCqi5Coo5ctpmghqvjTqEDhfCQoSYu118kNVCg==","buildHash":"VLsNToSifLU6uyYzJzwXCA==","deviceProps":"CgZVYnVudHUYASAA"},"pull":false},"msg":"not logged in, attempting registration..."}
App 2798414 output: {"level":30,"time":"2026-01-10T10:52:11.347Z","pid":2798414,"hostname":"ls50.server.ly","class":"baileys","trace":"Error: QR refs attempts ended\n    at Timeout.genPairQR [as _onTimeout] (/home/ajneccom/nodevenv/send.ajnec.com/18/lib/node_modules/@whiskeysockets/baileys/lib/Socket/socket.js:480:21)\n    at listOnTimeout (node:internal/timers:569:17)\n    at process.processTimers (node:internal/timers:512:7)","msg":"connection errored"}
App 2798414 output: {"level":30,"time":"2026-01-10T10:57:06.771Z","pid":2798414,"hostname":"ls50.server.ly","class":"baileys","browser":["Ubuntu","Chrome","22.04.4"],"helloMsg":{"clientHello":{"ephemeral":"osn9lNLRFMKnWqM1wEDyivkGVZdFhYr97eIrLaNdDAE="}},"msg":"connected to WA"}
App 2798414 output: {"level":30,"time":"2026-01-10T10:57:07.015Z","pid":2798414,"hostname":"ls50.server.ly","class":"baileys","node":{"passive":false,"userAgent":{"platform":"WEB","appVersion":{"primary":2,"secondary":3000,"tertiary":1027934701},"mcc":"000","mnc":"000","osVersion":"0.1","device":"Desktop","osBuildNumber":"0.1","releaseChannel":"RELEASE","localeLanguageIso6391":"en","localeCountryIso31661Alpha2":"US"},"webInfo":{"webSubPlatform":"WEB_BROWSER"},"connectType":"WIFI_UNKNOWN","connectReason":"USER_ACTIVATED","devicePairingData":{"eRegid":"AAAAsQ==","eKeytype":"BQ==","eIdent":"92ecvT4g6LEd+lth6ZKl2o4TyO+vqAbEAY2h6D8Y3BI=","eSkeyId":"AAAB","eSkeyVal":"qj9s3R6OeP2KbK4D/i0tX3mpZa77RK0xB69YbFZn6EA=","eSkeySig":"o8iDXhU1q6aPpckaUhuZmmBFDiUXYZ6fA+mbzQu/6pWbR9TXEn1exZbGrhn6Vg690/p1PG1ZkaEYgFYUflBBCg==","buildHash":"VLsNToSifLU6uyYzJzwXCA==","deviceProps":"CgZVYnVudHUYASAA"},"pull":false},"msg":"not logged in, attempting registration..."}
App 2798414 output: {"level":30,"time":"2026-01-10T10:59:47.521Z","pid":2798414,"hostname":"ls50.server.ly","class":"baileys","trace":"Error: QR refs attempts ended\n    at Timeout.genPairQR [as _onTimeout] (/home/ajneccom/nodevenv/send.ajnec.com/18/lib/node_modules/@whiskeysockets/baileys/lib/Socket/socket.js:480:21)\n    at listOnTimeout (node:internal/timers:569:17)\n    at process.processTimers (node:internal/timers:512:7)","msg":"connection errored"}
App 2671585 output: API listening on :3000 (pid=2671585, primary=true)
App 2671585 output: {"level":30,"time":"2026-01-10T11:54:13.292Z","pid":2671585,"hostname":"ls50.server.ly","class":"baileys","browser":["Ubuntu","Chrome","22.04.4"],"helloMsg":{"clientHello":{"ephemeral":"cyIZ93xoxkyvn9alYT2B0pS9DOX6UNrhrw9F/GM9KwE="}},"msg":"connected to WA"}
App 2671585 output: {"level":30,"time":"2026-01-10T11:54:13.547Z","pid":2671585,"hostname":"ls50.server.ly","class":"baileys","node":{"passive":false,"userAgent":{"platform":"WEB","appVersion":{"primary":2,"secondary":3000,"tertiary":1027934701},"mcc":"000","mnc":"000","osVersion":"0.1","device":"Desktop","osBuildNumber":"0.1","releaseChannel":"RELEASE","localeLanguageIso6391":"en","localeCountryIso31661Alpha2":"US"},"webInfo":{"webSubPlatform":"WEB_BROWSER"},"connectType":"WIFI_UNKNOWN","connectReason":"USER_ACTIVATED","devicePairingData":{"eRegid":"AAAAgg==","eKeytype":"BQ==","eIdent":"Fb2ZJJVuzd3hkndvzlNAwwgSQaECOn4qdAnMx7EgJSI=","eSkeyId":"AAAB","eSkeyVal":"Bq0txmPaSoal4sujxlFakZjDP3WGvz85xH8EndNXYXw=","eSkeySig":"8Y3hmy9E12FiAR9nf/pxZvRdU78Hsm8iv5qXNEvgXQD/24hYNmkJjWe3mTw5laLAGi7f3h45HWHGfILS+MWagA==","buildHash":"VLsNToSifLU6uyYzJzwXCA==","deviceProps":"CgZVYnVudHUYASAA"},"pull":false},"msg":"not logged in, attempting registration..."}
App 2671585 output: {"level":30,"time":"2026-01-10T11:56:54.151Z","pid":2671585,"hostname":"ls50.server.ly","class":"baileys","trace":"Error: QR refs attempts ended\n    at Timeout.genPairQR [as _onTimeout] (/home/ajneccom/nodevenv/send.ajnec.com/18/lib/node_modules/@whiskeysockets/baileys/lib/Socket/socket.js:480:21)\n    at listOnTimeout (node:internal/timers:569:17)\n    at process.processTimers (node:internal/timers:512:7)","msg":"connection errored"}
App 2671585 output: {"level":30,"time":"2026-01-10T11:57:30.092Z","pid":2671585,"hostname":"ls50.server.ly","class":"baileys","browser":["Ubuntu","Chrome","22.04.4"],"helloMsg":{"clientHello":{"ephemeral":"j6Ukzstdljopy6pPCc0wSnc0S/uLfsmN0XB2AlAuWEw="}},"msg":"connected to WA"}
App 2671585 output: {"level":30,"time":"2026-01-10T11:57:30.205Z","pid":2671585,"hostname":"ls50.server.ly","class":"baileys","node":{"passive":false,"userAgent":{"platform":"WEB","appVersion":{"primary":2,"secondary":3000,"tertiary":1027934701},"mcc":"000","mnc":"000","osVersion":"0.1","device":"Desktop","osBuildNumber":"0.1","releaseChannel":"RELEASE","localeLanguageIso6391":"en","localeCountryIso31661Alpha2":"US"},"webInfo":{"webSubPlatform":"WEB_BROWSER"},"connectType":"WIFI_UNKNOWN","connectReason":"USER_ACTIVATED","devicePairingData":{"eRegid":"AAAAnQ==","eKeytype":"BQ==","eIdent":"5L3D7Ncrpoy533NhDTsELDXFP1j61nXF9X24TysLNnk=","eSkeyId":"AAAB","eSkeyVal":"sHTAJTZ4B2b53fcEVPh1EzX8JVlJxPfODqyjUtWQTmM=","eSkeySig":"ozyX0qlxnKhN3pxtXbHa+5dLJP8Ol65mh4iDB0F9F0Fs94b8aHjisPQ1HPszDpNapwc3iOySEsn3FkVVW5q/jA==","buildHash":"VLsNToSifLU6uyYzJzwXCA==","deviceProps":"CgZVYnVudHUYASAA"},"pull":false},"msg":"not logged in, attempting registration..."}
App 2671585 output: {"level":30,"time":"2026-01-10T12:00:10.561Z","pid":2671585,"hostname":"ls50.server.ly","class":"baileys","trace":"Error: QR refs attempts ended\n    at Timeout.genPairQR [as _onTimeout] (/home/ajneccom/nodevenv/send.ajnec.com/18/lib/node_modules/@whiskeysockets/baileys/lib/Socket/socket.js:480:21)\n    at listOnTimeout (node:internal/timers:569:17)\n    at process.processTimers (node:internal/timers:512:7)","msg":"connection errored"}
App 172974 output: API listening on :3000 (pid=172974, primary=true)
App 357513 output: API listening on :3000 (pid=357513, primary=true)
App 2011949 output: API listening on :3000 (pid=2011949, primary=true)
App 2011949 output: {"level":30,"time":"2026-01-10T13:37:27.672Z","pid":2011949,"hostname":"ls50.server.ly","class":"baileys","browser":["Ubuntu","Chrome","22.04.4"],"helloMsg":{"clientHello":{"ephemeral":"CVZydUnqu/Q/r8gnB/ZRzAEMkS5zKUAhKf6xukyxG30="}},"msg":"connected to WA"}
App 2011949 output: {"level":30,"time":"2026-01-10T13:37:27.885Z","pid":2011949,"hostname":"ls50.server.ly","class":"baileys","node":{"passive":false,"userAgent":{"platform":"WEB","appVersion":{"primary":2,"secondary":3000,"tertiary":1027934701},"mcc":"000","mnc":"000","osVersion":"0.1","device":"Desktop","osBuildNumber":"0.1","releaseChannel":"RELEASE","localeLanguageIso6391":"en","localeCountryIso31661Alpha2":"US"},"webInfo":{"webSubPlatform":"WEB_BROWSER"},"connectType":"WIFI_UNKNOWN","connectReason":"USER_ACTIVATED","devicePairingData":{"eRegid":"AAAAcg==","eKeytype":"BQ==","eIdent":"iAEajHNq5J7t6ZMYcbsh1hq7uQGcu+vZaXjql3R7By4=","eSkeyId":"AAAB","eSkeyVal":"D4vygeXXjAXjUwGjBS7CPaEawkdlu9s89Nh7uVEDehw=","eSkeySig":"AJ4jvlcSvnPxy0tRCHBpbnTI4p7bzxKlNVRWs37SiYuAMWPMKjyypW51KMnoOyROCQWSrMtZ8mG3KHSDj8DECA==","buildHash":"VLsNToSifLU6uyYzJzwXCA==","deviceProps":"CgZVYnVudHUYASAA"},"pull":false},"msg":"not logged in, attempting registration..."}
App 2011949 output: {"level":30,"time":"2026-01-10T13:40:08.377Z","pid":2011949,"hostname":"ls50.server.ly","class":"baileys","trace":"Error: QR refs attempts ended\n    at Timeout.genPairQR [as _onTimeout] (/home/ajneccom/nodevenv/send.ajnec.com/18/lib/node_modules/@whiskeysockets/baileys/lib/Socket/socket.js:480:21)\n    at listOnTimeout (node:internal/timers:569:17)\n    at process.processTimers (node:internal/timers:512:7)","msg":"connection errored"}
App 1833480 output: API listening on :3000 (pid=1833480, primary=true)
App 631865 output: API listening on :3000 (pid=631865, primary=true)
App 2624757 output: ✅ MASTER PROCESS: API listening on :3000 (pid=2624757)
App 2624757 output: {"level":30,"time":"2026-01-10T16:33:41.867Z","pid":2624757,"hostname":"ls50.server.ly","class":"baileys","browser":["Ubuntu","Chrome","22.04.4"],"helloMsg":{"clientHello":{"ephemeral":"ojWb44baC+6h2CWOLZoT9ci1P6IU8c8KY+nMT9FqjV0="}},"msg":"connected to WA"}
App 2624757 output: {"level":30,"time":"2026-01-10T16:33:42.074Z","pid":2624757,"hostname":"ls50.server.ly","class":"baileys","node":{"passive":false,"userAgent":{"platform":"WEB","appVersion":{"primary":2,"secondary":3000,"tertiary":1027934701},"mcc":"000","mnc":"000","osVersion":"0.1","device":"Desktop","osBuildNumber":"0.1","releaseChannel":"RELEASE","localeLanguageIso6391":"en","localeCountryIso31661Alpha2":"US"},"webInfo":{"webSubPlatform":"WEB_BROWSER"},"connectType":"WIFI_UNKNOWN","connectReason":"USER_ACTIVATED","devicePairingData":{"eRegid":"AAAADg==","eKeytype":"BQ==","eIdent":"w+ZRfmV6yEO4XuUAwADz+QaD3/e/9R+4YOwgEUMDVWY=","eSkeyId":"AAAB","eSkeyVal":"tMLL9Pt1J/4LmxiX+v8fXOamhhK5UP6Q2s79Wt2PNXo=","eSkeySig":"OEou9jajrZFVdo+K2AKYlOfgesy4vpK0efDPXdfiQzkPRZgUFCdffst535jsw7KmGTC2kxBBpxw57QXFsdM1Ag==","buildHash":"VLsNToSifLU6uyYzJzwXCA==","deviceProps":"CgZVYnVudHUYASAA"},"pull":false},"msg":"not logged in, attempting registration..."}
App 2624757 output: {"level":30,"time":"2026-01-10T16:34:34.386Z","pid":2624757,"hostname":"ls50.server.ly","class":"baileys","me":{"id":"218944352630:32@s.whatsapp.net"},"platform":"android","msg":"pairing configured successfully, expect to restart the connection..."}
App 2624757 output: {"level":50,"time":"2026-01-10T16:34:34.927Z","pid":2624757,"hostname":"ls50.server.ly","class":"baileys","node":{"tag":"stream:error","attrs":{"code":"515"}},"msg":"stream errored out"}
App 2624757 output: {"level":30,"time":"2026-01-10T16:34:34.928Z","pid":2624757,"hostname":"ls50.server.ly","class":"baileys","trace":"Error: Stream Errored (restart required)\n    at WebSocketClient.<anonymous> (/home/ajneccom/nodevenv/send.ajnec.com/18/lib/node_modules/@whiskeysockets/baileys/lib/Socket/socket.js:519:13)\n    at WebSocketClient.emit (node:events:517:28)\n    at /home/ajneccom/nodevenv/send.ajnec.com/18/lib/node_modules/@whiskeysockets/baileys/lib/Socket/socket.js:236:35\n    at Object.decodeFrame (/home/ajneccom/nodevenv/send.ajnec.com/18/lib/node_modules/@whiskeysockets/baileys/lib/Utils/noise-handler.js:144:17)\n    at process.processTicksAndRejections (node:internal/process/task_queues:95:5)","msg":"connection errored"}
App 2624757 output: {"level":30,"time":"2026-01-10T16:35:42.293Z","pid":2624757,"hostname":"ls50.server.ly","class":"baileys","browser":["Ubuntu","Chrome","22.04.4"],"helloMsg":{"clientHello":{"ephemeral":"qmWz4c9DdmojZsEQ1dLrkelLENypo7FruWMbIRmO+Qs="}},"msg":"connected to WA"}
App 2624757 output: {"level":30,"time":"2026-01-10T16:35:42.438Z","pid":2624757,"hostname":"ls50.server.ly","class":"baileys","node":{"username":"218944352630","passive":false,"userAgent":{"platform":"WEB","appVersion":{"primary":2,"secondary":3000,"tertiary":1027934701},"mcc":"000","mnc":"000","osVersion":"0.1","device":"Desktop","osBuildNumber":"0.1","releaseChannel":"RELEASE","localeLanguageIso6391":"en","localeCountryIso31661Alpha2":"US"},"webInfo":{"webSubPlatform":"WEB_BROWSER"},"connectType":"WIFI_UNKNOWN","connectReason":"USER_ACTIVATED","device":32,"pull":true},"msg":"logging in..."}
App 2624757 output: {"level":30,"time":"2026-01-10T16:35:46.214Z","pid":2624757,"hostname":"ls50.server.ly","class":"baileys","trace":"Error: Connection Failure\n    at WebSocketClient.<anonymous> (/home/ajneccom/nodevenv/send.ajnec.com/18/lib/node_modules/@whiskeysockets/baileys/lib/Socket/socket.js:524:13)\n    at WebSocketClient.emit (node:events:517:28)\n    at /home/ajneccom/nodevenv/send.ajnec.com/18/lib/node_modules/@whiskeysockets/baileys/lib/Socket/socket.js:236:35\n    at Object.decodeFrame (/home/ajneccom/nodevenv/send.ajnec.com/18/lib/node_modules/@whiskeysockets/baileys/lib/Utils/noise-handler.js:144:17)\n    at process.processTicksAndRejections (node:internal/process/task_queues:95:5)","msg":"connection errored"}
App 3514509 output: ✅ MASTER PROCESS: API listening on :3000 (pid=3514509)
App 3923468 output: API listening on :3000 (pid=3923468, primary=true)
App 3313815 output: API listening on :3000 (pid=3313815, primary=true)
App 4133355 output: API listening on :3000 (pid=4133355, primary=true)
App 1842346 output: API listening on :3000 (pid=1842346, primary=true)
App 2833468 output: API listening on :3000 (pid=2833468, primary=true)
App 3486049 output: API listening on :3000 (pid=3486049, primary=true)
App 3274061 output: API listening on :3000 (pid=3274061, primary=true)
App 3337949 output: API listening on :3000 (pid=3337949, primary=true)
App 2350265 output: API listening on :3000 (pid=2350265, primary=true)
App 1859213 output: API listening on :3000 (pid=1859213, primary=true)
App 3540304 output: API listening on :3000 (pid=3540304, primary=true)
App 772891 output: API listening on :3000 (pid=772891, primary=true)
App 109722 output: API listening on :3000 (pid=109722, primary=true)
App 3330299 output: API listening on :3000 (pid=3330299, primary=true)
App 2282075 output: API listening on :3000 (pid=2282075, primary=true)
App 2216181 output: API listening on :3000 (pid=2216181, primary=true)
App 4040187 output: API listening on :3000 (pid=4040187, primary=true)
App 1486418 output: API listening on :3000 (pid=1486418, primary=true)
App 73768 output: API listening on :3000 (pid=73768, primary=true)
App 3053971 output: API listening on :3000 (pid=3053971, primary=true)
App 2729320 output: API listening on :3000 (pid=2729320, primary=true)
App 2580958 output: API listening on :3000 (pid=2580958, primary=true)
App 707240 output: API listening on :3000 (pid=707240, primary=true)
App 1409844 output: API listening on :3000 (pid=1409844, primary=true)
App 3078789 output: API listening on :3000 (pid=3078789, primary=true)
App 71142 output: API listening on :3000 (pid=71142, primary=true)
App 3258448 output: API listening on :3000 (pid=3258448, primary=true)
App 936573 output: API listening on :3000 (pid=936573, primary=true)
App 3994957 output: API listening on :3000 (pid=3994957, primary=true)
App 4059670 output: API listening on :3000 (pid=4059670, primary=true)
App 45192 output: API listening on :3000 (pid=45192, primary=true)
App 2119119 output: API listening on :3000 (pid=2119119, primary=true)
App 3993822 output: API listening on :3000 (pid=3993822, primary=true)
App 3697906 output: API listening on :3000 (pid=3697906, primary=true)
App 84394 output: API listening on :3000 (pid=84394, primary=true)
App 74159 output: API listening on :3000 (pid=74159, primary=true)
App 1150582 output: API listening on :3000 (pid=1150582, primary=true)
App 1831941 output: API listening on :3000 (pid=1831941, primary=true)
App 3422980 output: API listening on :3000 (pid=3422980, primary=true)
App 1140609 output: API listening on :3000 (pid=1140609, primary=true)
App 3558554 output: API listening on :3000 (pid=3558554, primary=true)
App 3078934 output: API listening on :3000 (pid=3078934, primary=true)
App 3939987 output: API listening on :3000 (pid=3939987, primary=true)
App 898660 output: API listening on :3000 (pid=898660, primary=true)
App 705880 output: API listening on :3000 (pid=705880, primary=true)
App 1353760 output: API listening on :3000 (pid=1353760, primary=true)
App 1896599 output: API listening on :3000 (pid=1896599, primary=true)
App 2175166 output: API listening on :3000 (pid=2175166, primary=true)
App 519478 output: API listening on :3000 (pid=519478, primary=true)
App 1118867 output: API listening on :3000 (pid=1118867, primary=true)
App 517546 output: API listening on :3000 (pid=517546, primary=true)
App 2194829 output: API listening on :3000 (pid=2194829, primary=true)
App 2694417 output: API listening on :3000 (pid=2694417, primary=true)
App 2994953 output: API listening on :3000 (pid=2994953, primary=true)
App 3353763 output: API listening on :3000 (pid=3353763, primary=true)
App 433413 output: API listening on :3000 (pid=433413, primary=true)
App 2632480 output: API listening on :3000 (pid=2632480, primary=true)
App 3706528 output: API listening on :3000 (pid=3706528, primary=true)
App 947060 output: API listening on :3000 (pid=947060, primary=true)
App 3577796 output: API listening on :3000 (pid=3577796, primary=true)
App 1679661 output: API listening on :3000 (pid=1679661, primary=true)
App 3842961 output: API listening on :3000 (pid=3842961, primary=true)
App 153730 output: API listening on :3000 (pid=153730, primary=true)
App 592875 output: API listening on :3000 (pid=592875, primary=true)
App 3742571 output: API listening on :3000 (pid=3742571, primary=true)
App 274068 output: API listening on :3000 (pid=274068, primary=true)
App 310065 output: API listening on :3000 (pid=310065, primary=true)
App 904549 output: API listening on :3000 (pid=904549, primary=true)
App 1776026 output: API listening on :3000 (pid=1776026, primary=true)
App 2191006 output: API listening on :3000 (pid=2191006, primary=true)
App 3270467 output: API listening on :3000 (pid=3270467, primary=true)
App 3705792 output: API listening on :3000 (pid=3705792, primary=true)
App 416960 output: API listening on :3000 (pid=416960, primary=true)
App 109845 output: API listening on :3000 (pid=109845, primary=true)
App 237187 output: API listening on :3000 (pid=237187, primary=true)
App 1212059 output: API listening on :3000 (pid=1212059, primary=true)
App 1503671 output: API listening on :3000 (pid=1503671, primary=true)
App 2181661 output: API listening on :3000 (pid=2181661, primary=true)
App 962148 output: API listening on :3000 (pid=962148, primary=true)
App 3455972 output: API listening on :3000 (pid=3455972, primary=true)
App 3316812 output: API listening on :3000 (pid=3316812, primary=true)
App 2662029 output: API listening on :3000 (pid=2662029, primary=true)
App 2948708 output: API listening on :3000 (pid=2948708, primary=true)
